<?xml version="1.0" encoding="UTF-8"?>
<testsuite name="com.kodilla.patterns.prototype.library.LibraryTestSuite" tests="1" skipped="0" failures="0" errors="0" timestamp="2019-07-16T21:29:17" hostname="DESKTOP-ULPFFCO" time="0.024">
  <properties/>
  <testcase name="testGetBooks" classname="com.kodilla.patterns.prototype.library.LibraryTestSuite" time="0.024"/>
  <system-out><![CDATA[10
11
com.kodilla.patterns.prototype.library.Library@7db995d4
com.kodilla.patterns.prototype.library.Library@5a2809fe
com.kodilla.patterns.prototype.library.Library@7f2dbe20
]]></system-out>
  <system-err><![CDATA[]]></system-err>
</testsuite>
