<?xml version="1.0" encoding="UTF-8"?>
<testsuite name="com.kodilla.patterns.prototype.library.LibraryTestSuite" tests="1" skipped="0" failures="0" errors="0" timestamp="2019-07-26T13:53:21" hostname="DESKTOP-ULPFFCO" time="0.022">
  <properties/>
  <testcase name="testGetBooks" classname="com.kodilla.patterns.prototype.library.LibraryTestSuite" time="0.022"/>
  <system-out><![CDATA[10
11
com.kodilla.patterns.prototype.library.Library@38a990c
com.kodilla.patterns.prototype.library.Library@26b512e6
com.kodilla.patterns.prototype.library.Library@5c1f6538
]]></system-out>
  <system-err><![CDATA[]]></system-err>
</testsuite>
